<?xml version="1.0" encoding="UTF-8"?>
<!-- Generated by org.testng.reporters.JUnitReportReporter -->
<testsuite hostname="DELL-PC" name="com.testngbasics.qa.AnnotationCopy" tests="4" failures="0" timestamp="27 Sep 2014 13:33:23 GMT" time="0.005" errors="0">
  <testcase name="Test1" time="0.001" classname="com.testngbasics.qa.AnnotationCopy"/>
  <testcase name="Test2" time="0.002" classname="com.testngbasics.qa.AnnotationCopy"/>
  <testcase name="Test2" time="0.000" classname="com.testngbasics.qa.AnnotationCopy"/>
  <testcase name="Test1" time="0.002" classname="com.testngbasics.qa.AnnotationCopy"/>
</testsuite> <!-- com.testngbasics.qa.AnnotationCopy -->
